#
# There is insufficient memory for the Java Runtime Environment to continue.
# Native memory allocation (malloc) failed to allocate 32784 bytes for Chunk::new
# Possible reasons:
#   The system is out of physical RAM or swap space
#   The process is running with CompressedOops enabled, and the Java Heap may be blocking the growth of the native heap
# Possible solutions:
#   Reduce memory load on the system
#   Increase physical memory or swap space
#   Check if swap backing store is full
#   Decrease Java heap size (-Xmx/-Xms)
#   Decrease number of Java threads
#   Decrease Java thread stack sizes (-Xss)
#   Set larger code cache with -XX:ReservedCodeCacheSize=
#   JVM is running with Unscaled Compressed Oops mode in which the Java heap is
#     placed in the first 4GB address space. The Java Heap base address is the
#     maximum limit for the native heap growth. Please use -XX:HeapBaseMinAddress
#     to set the Java Heap base and to place the Java Heap above 4GB virtual address.
# This output file may be truncated or incomplete.
#
#  Out of Memory Error (arena.cpp:189), pid=26012, tid=15420
#
# JRE version: Java(TM) SE Runtime Environment (17.0.10+11) (build 17.0.10+11-LTS-240)
# Java VM: Java HotSpot(TM) 64-Bit Server VM (17.0.10+11-LTS-240, mixed mode, sharing, tiered, compressed oops, compressed class ptrs, g1 gc, windows-amd64)
# No core dump will be written. Minidumps are not enabled by default on client versions of Windows
#

---------------  S U M M A R Y ------------

Command Line: -Dclassworlds.conf=C:\apache-maven-3.9.4\bin\m2.conf -Dmaven.home=C:\apache-maven-3.9.4 -Dlibrary.jansi.path=C:\apache-maven-3.9.4\lib\jansi-native -Dmaven.multiModuleProjectDirectory=C:\Users\maria\Projetos\cp2-java org.codehaus.plexus.classworlds.launcher.Launcher clean install

Host: AMD Ryzen 5 5500U with Radeon Graphics         , 12 cores, 5G,  Windows 11 , 64 bit Build 22621 (10.0.22621.3672)
Time: Sun Aug 18 22:00:14 2024 Hora oficial do Brasil elapsed time: 60.299483 seconds (0d 0h 1m 0s)

---------------  T H R E A D  ---------------

Current thread (0x000001939427c6e0):  JavaThread "C2 CompilerThread0" daemon [_thread_in_native, id=15420, stack(0x0000000668c00000,0x0000000668d00000)]


Current CompileTask:
C2:  60301 7345   !   4       java.lang.ClassLoader::loadClass (121 bytes)

Stack: [0x0000000668c00000,0x0000000668d00000]
Native frames: (J=compiled Java code, j=interpreted, Vv=VM code, C=native code)
V  [jvm.dll+0x677a5a]
V  [jvm.dll+0x7d8b2d]
V  [jvm.dll+0x7da48e]
V  [jvm.dll+0x7daaf3]
V  [jvm.dll+0x2455ff]
V  [jvm.dll+0xaaafb]
V  [jvm.dll+0xab09c]
V  [jvm.dll+0xaac14]
V  [jvm.dll+0x6564ac]
V  [jvm.dll+0x580e65]
V  [jvm.dll+0x580158]
V  [jvm.dll+0x220472]
V  [jvm.dll+0x219070]
V  [jvm.dll+0x216c79]
V  [jvm.dll+0x1a3410]
V  [jvm.dll+0x226aeb]
V  [jvm.dll+0x224cab]
V  [jvm.dll+0x78e45c]
V  [jvm.dll+0x78888a]
V  [jvm.dll+0x676935]
C  [ucrtbase.dll+0x29333]
C  [KERNEL32.DLL+0x1257d]
C  [ntdll.dll+0x5af28]


---------------  P R O C E S S  ---------------

Threads class SMR info:
_java_thread_list=0x00000193db846ab0, length=14, elements={
0x00000193f7023170, 0x0000019394256350, 0x00000193942580f0, 0x000001939426c5e0,
0x000001939426d0b0, 0x0000019394270230, 0x0000019394270b00, 0x000001939427c6e0,
0x000001939427d840, 0x0000019394281110, 0x00000193944f5f50, 0x00000193944f9c40,
0x00000193dbe6e320, 0x00000193dbff87f0
}

Java Threads: ( => current thread )
  0x00000193f7023170 JavaThread "main" [_thread_in_Java, id=28056, stack(0x0000000667f00000,0x0000000668000000)]
  0x0000019394256350 JavaThread "Reference Handler" daemon [_thread_blocked, id=19808, stack(0x0000000668600000,0x0000000668700000)]
  0x00000193942580f0 JavaThread "Finalizer" daemon [_thread_blocked, id=20984, stack(0x0000000668700000,0x0000000668800000)]
  0x000001939426c5e0 JavaThread "Signal Dispatcher" daemon [_thread_blocked, id=17804, stack(0x0000000668800000,0x0000000668900000)]
  0x000001939426d0b0 JavaThread "Attach Listener" daemon [_thread_blocked, id=17172, stack(0x0000000668900000,0x0000000668a00000)]
  0x0000019394270230 JavaThread "Service Thread" daemon [_thread_blocked, id=20896, stack(0x0000000668a00000,0x0000000668b00000)]
  0x0000019394270b00 JavaThread "Monitor Deflation Thread" daemon [_thread_blocked, id=7652, stack(0x0000000668b00000,0x0000000668c00000)]
=>0x000001939427c6e0 JavaThread "C2 CompilerThread0" daemon [_thread_in_native, id=15420, stack(0x0000000668c00000,0x0000000668d00000)]
  0x000001939427d840 JavaThread "C1 CompilerThread0" daemon [_thread_in_vm, id=24156, stack(0x0000000668d00000,0x0000000668e00000)]
  0x0000019394281110 JavaThread "Sweeper thread" daemon [_thread_blocked, id=21496, stack(0x0000000668e00000,0x0000000668f00000)]
  0x00000193944f5f50 JavaThread "Notification Thread" daemon [_thread_blocked, id=12372, stack(0x0000000668f00000,0x0000000669000000)]
  0x00000193944f9c40 JavaThread "Common-Cleaner" daemon [_thread_blocked, id=21536, stack(0x0000000669100000,0x0000000669200000)]
  0x00000193dbe6e320 JavaThread "C2 CompilerThread1" daemon [_thread_in_native, id=15496, stack(0x0000000667c00000,0x0000000667d00000)]
  0x00000193dbff87f0 JavaThread "C2 CompilerThread2" daemon [_thread_in_native, id=6548, stack(0x0000000669f00000,0x000000066a000000)]

Other Threads:
  0x000001939424fc90 VMThread "VM Thread" [stack: 0x0000000668500000,0x0000000668600000] [id=23536]
  0x00000193f708f3a0 WatcherThread [stack: 0x0000000669000000,0x0000000669100000] [id=28348]
  0x00000193f706f7c0 GCTaskThread "GC Thread#0" [stack: 0x0000000668000000,0x0000000668100000] [id=18740]
  0x000001939450e320 GCTaskThread "GC Thread#1" [stack: 0x0000000669200000,0x0000000669300000] [id=25640]
  0x000001939450e5e0 GCTaskThread "GC Thread#2" [stack: 0x0000000669300000,0x0000000669400000] [id=6812]
  0x000001939450f0e0 GCTaskThread "GC Thread#3" [stack: 0x0000000669400000,0x0000000669500000] [id=12044]
  0x000001939450e8a0 GCTaskThread "GC Thread#4" [stack: 0x0000000669500000,0x0000000669600000] [id=17756]
  0x000001939450ee20 GCTaskThread "GC Thread#5" [stack: 0x0000000669600000,0x0000000669700000] [id=23228]
  0x000001939450d560 GCTaskThread "GC Thread#6" [stack: 0x0000000669700000,0x0000000669800000] [id=21476]
  0x000001939450eb60 GCTaskThread "GC Thread#7" [stack: 0x0000000669800000,0x0000000669900000] [id=20940]
  0x00000193dabab1d0 GCTaskThread "GC Thread#8" [stack: 0x0000000669900000,0x0000000669a00000] [id=15164]
  0x00000193dabacd50 GCTaskThread "GC Thread#9" [stack: 0x0000000669a00000,0x0000000669b00000] [id=26524]
  0x00000193f707d170 ConcurrentGCThread "G1 Main Marker" [stack: 0x0000000668100000,0x0000000668200000] [id=5668]
  0x00000193f707e230 ConcurrentGCThread "G1 Conc#0" [stack: 0x0000000668200000,0x0000000668300000] [id=21144]
  0x00000193dabaac50 ConcurrentGCThread "G1 Conc#1" [stack: 0x0000000669c00000,0x0000000669d00000] [id=8988]
  0x00000193dababcd0 ConcurrentGCThread "G1 Conc#2" [stack: 0x0000000669d00000,0x0000000669e00000] [id=20752]
  0x0000019394110090 ConcurrentGCThread "G1 Refine#0" [stack: 0x0000000668300000,0x0000000668400000] [id=25628]
  0x00000193da339c50 ConcurrentGCThread "G1 Refine#1" [stack: 0x0000000669b00000,0x0000000669c00000] [id=17692]
  0x00000193dc111a50 ConcurrentGCThread "G1 Refine#2" [stack: 0x0000000669e00000,0x0000000669f00000] [id=23984]
  0x00000193941109d0 ConcurrentGCThread "G1 Service" [stack: 0x0000000668400000,0x0000000668500000] [id=3300]

Threads with active compile tasks:
C2 CompilerThread0    67869 7345   !   4       java.lang.ClassLoader::loadClass (121 bytes)
C2 CompilerThread1    67869 7419       4       com.google.inject.TypeLiteral::<init> (43 bytes)
C2 CompilerThread2    67869 7422       4       java.util.regex.Pattern$Ques::match (196 bytes)

VM state: not at safepoint (normal execution)

VM Mutex/Monitor currently owned by a thread:  ([mutex/lock_event])
[0x00000193f701e210] CodeCache_lock - owner thread: 0x0000000000000000

Heap address: 0x00000000a2600000, size: 1498 MB, Compressed Oops mode: 32-bit

CDS archive(s) mapped at: [0x0000019395000000-0x0000019395bd0000-0x0000019395bd0000), size 12386304, SharedBaseAddress: 0x0000019395000000, ArchiveRelocationMode: 1.
Compressed class space mapped at: 0x0000019396000000-0x00000193d6000000, reserved size: 1073741824
Narrow klass base: 0x0000019395000000, Narrow klass shift: 0, Narrow klass range: 0x100000000

GC Precious Log:
 CPUs: 12 total, 12 available
 Memory: 5989M
 Large Page Support: Disabled
 NUMA Support: Disabled
 Compressed Oops: Enabled (32-bit)
 Heap Region Size: 1M
 Heap Min Capacity: 8M
 Heap Initial Capacity: 94M
 Heap Max Capacity: 1498M
 Pre-touch: Disabled
 Parallel Workers: 10
 Concurrent Workers: 3
 Concurrent Refinement Workers: 10
 Periodic GC: Disabled

Heap:
 garbage-first heap   total 115712K, used 52715K [0x00000000a2600000, 0x0000000100000000)
  region size 1024K, 4 young (4096K), 3 survivors (3072K)
 Metaspace       used 31985K, committed 32384K, reserved 1114112K
  class space    used 3630K, committed 3840K, reserved 1048576K

Heap Regions: E=young(eden), S=young(survivor), O=old, HS=humongous(starts), HC=humongous(continues), CS=collection set, F=free, OA=open archive, CA=closed archive, TAMS=top-at-mark-start (previous, next)
|   0|0x00000000a2600000, 0x00000000a2700000, 0x00000000a2700000|100%| O|  |TAMS 0x00000000a2700000, 0x00000000a2600000| Untracked 
|   1|0x00000000a2700000, 0x00000000a2800000, 0x00000000a2800000|100%| O|  |TAMS 0x00000000a2800000, 0x00000000a2700000| Untracked 
|   2|0x00000000a2800000, 0x00000000a2900000, 0x00000000a2900000|100%| O|  |TAMS 0x00000000a2900000, 0x00000000a2800000| Untracked 
|   3|0x00000000a2900000, 0x00000000a2a00000, 0x00000000a2a00000|100%| O|  |TAMS 0x00000000a2a00000, 0x00000000a2900000| Untracked 
|   4|0x00000000a2a00000, 0x00000000a2b00000, 0x00000000a2b00000|100%| O|  |TAMS 0x00000000a2b00000, 0x00000000a2a00000| Untracked 
|   5|0x00000000a2b00000, 0x00000000a2c00000, 0x00000000a2c00000|100%| O|  |TAMS 0x00000000a2c00000, 0x00000000a2b00000| Untracked 
|   6|0x00000000a2c00000, 0x00000000a2d00000, 0x00000000a2d00000|100%| O|  |TAMS 0x00000000a2d00000, 0x00000000a2c00000| Untracked 
|   7|0x00000000a2d00000, 0x00000000a2e00000, 0x00000000a2e00000|100%| O|  |TAMS 0x00000000a2e00000, 0x00000000a2d00000| Untracked 
|   8|0x00000000a2e00000, 0x00000000a2f00000, 0x00000000a2f00000|100%| O|  |TAMS 0x00000000a2f00000, 0x00000000a2e00000| Untracked 
|   9|0x00000000a2f00000, 0x00000000a3000000, 0x00000000a3000000|100%| O|  |TAMS 0x00000000a3000000, 0x00000000a2f00000| Untracked 
|  10|0x00000000a3000000, 0x00000000a3100000, 0x00000000a3100000|100%| O|  |TAMS 0x00000000a3100000, 0x00000000a3000000| Untracked 
|  11|0x00000000a3100000, 0x00000000a3200000, 0x00000000a3200000|100%| O|  |TAMS 0x00000000a3200000, 0x00000000a3100000| Untracked 
|  12|0x00000000a3200000, 0x00000000a3300000, 0x00000000a3300000|100%| O|  |TAMS 0x00000000a3300000, 0x00000000a3200000| Untracked 
|  13|0x00000000a3300000, 0x00000000a3400000, 0x00000000a3400000|100%| O|  |TAMS 0x00000000a3400000, 0x00000000a3300000| Untracked 
|  14|0x00000000a3400000, 0x00000000a3500000, 0x00000000a3500000|100%| O|  |TAMS 0x00000000a3400000, 0x00000000a3400000| Untracked 
|  15|0x00000000a3500000, 0x00000000a3600000, 0x00000000a3600000|100%| O|  |TAMS 0x00000000a3500000, 0x00000000a3500000| Untracked 
|  16|0x00000000a3600000, 0x00000000a3700000, 0x00000000a3700000|100%| O|  |TAMS 0x00000000a3700000, 0x00000000a3600000| Untracked 
|  17|0x00000000a3700000, 0x00000000a3800000, 0x00000000a3800000|100%| O|  |TAMS 0x00000000a3800000, 0x00000000a3700000| Untracked 
|  18|0x00000000a3800000, 0x00000000a3900000, 0x00000000a3900000|100%| O|  |TAMS 0x00000000a3900000, 0x00000000a3800000| Untracked 
|  19|0x00000000a3900000, 0x00000000a3a00000, 0x00000000a3a00000|100%| O|  |TAMS 0x00000000a3a00000, 0x00000000a3900000| Untracked 
|  20|0x00000000a3a00000, 0x00000000a3a80000, 0x00000000a3b00000| 50%| O|  |TAMS 0x00000000a3a80000, 0x00000000a3a00000| Untracked 
|  21|0x00000000a3b00000, 0x00000000a3b00000, 0x00000000a3c00000|  0%| F|  |TAMS 0x00000000a3b00000, 0x00000000a3b00000| Untracked 
|  22|0x00000000a3c00000, 0x00000000a3ce0600, 0x00000000a3d00000| 87%| O|  |TAMS 0x00000000a3c00000, 0x00000000a3c00000| Untracked 
|  23|0x00000000a3d00000, 0x00000000a3e00000, 0x00000000a3e00000|100%| O|  |TAMS 0x00000000a3e00000, 0x00000000a3d00000| Untracked 
|  24|0x00000000a3e00000, 0x00000000a3f00000, 0x00000000a3f00000|100%| O|  |TAMS 0x00000000a3f00000, 0x00000000a3e00000| Untracked 
|  25|0x00000000a3f00000, 0x00000000a4000000, 0x00000000a4000000|100%| O|  |TAMS 0x00000000a4000000, 0x00000000a3f00000| Untracked 
|  26|0x00000000a4000000, 0x00000000a4000000, 0x00000000a4100000|  0%| F|  |TAMS 0x00000000a4000000, 0x00000000a4000000| Untracked 
|  27|0x00000000a4100000, 0x00000000a4200000, 0x00000000a4200000|100%| O|  |TAMS 0x00000000a4190c00, 0x00000000a4100000| Untracked 
|  28|0x00000000a4200000, 0x00000000a4300000, 0x00000000a4300000|100%| O|  |TAMS 0x00000000a4200000, 0x00000000a4200000| Untracked 
|  29|0x00000000a4300000, 0x00000000a4300000, 0x00000000a4400000|  0%| F|  |TAMS 0x00000000a4300000, 0x00000000a4300000| Untracked 
|  30|0x00000000a4400000, 0x00000000a4400000, 0x00000000a4500000|  0%| F|  |TAMS 0x00000000a4400000, 0x00000000a4400000| Untracked 
|  31|0x00000000a4500000, 0x00000000a4500000, 0x00000000a4600000|  0%| F|  |TAMS 0x00000000a4500000, 0x00000000a4500000| Untracked 
|  32|0x00000000a4600000, 0x00000000a4600000, 0x00000000a4700000|  0%| F|  |TAMS 0x00000000a4600000, 0x00000000a4600000| Untracked 
|  33|0x00000000a4700000, 0x00000000a4700000, 0x00000000a4800000|  0%| F|  |TAMS 0x00000000a4700000, 0x00000000a4700000| Untracked 
|  34|0x00000000a4800000, 0x00000000a4800000, 0x00000000a4900000|  0%| F|  |TAMS 0x00000000a4800000, 0x00000000a4800000| Untracked 
|  35|0x00000000a4900000, 0x00000000a4900000, 0x00000000a4a00000|  0%| F|  |TAMS 0x00000000a4900000, 0x00000000a4900000| Untracked 
|  36|0x00000000a4a00000, 0x00000000a4a00000, 0x00000000a4b00000|  0%| F|  |TAMS 0x00000000a4a00000, 0x00000000a4a00000| Untracked 
|  37|0x00000000a4b00000, 0x00000000a4b00000, 0x00000000a4c00000|  0%| F|  |TAMS 0x00000000a4b00000, 0x00000000a4b00000| Untracked 
|  38|0x00000000a4c00000, 0x00000000a4c00000, 0x00000000a4d00000|  0%| F|  |TAMS 0x00000000a4c00000, 0x00000000a4c00000| Untracked 
|  39|0x00000000a4d00000, 0x00000000a4d00000, 0x00000000a4e00000|  0%| F|  |TAMS 0x00000000a4d00000, 0x00000000a4d00000| Untracked 
|  40|0x00000000a4e00000, 0x00000000a4f00000, 0x00000000a4f00000|100%| O|  |TAMS 0x00000000a4f00000, 0x00000000a4e00000| Untracked 
|  41|0x00000000a4f00000, 0x00000000a5000000, 0x00000000a5000000|100%|HS|  |TAMS 0x00000000a5000000, 0x00000000a4f00000| Complete 
|  42|0x00000000a5000000, 0x00000000a5100000, 0x00000000a5100000|100%| O|  |TAMS 0x00000000a5100000, 0x00000000a5000000| Untracked 
|  43|0x00000000a5100000, 0x00000000a5200000, 0x00000000a5200000|100%|HS|  |TAMS 0x00000000a5200000, 0x00000000a5100000| Complete 
|  44|0x00000000a5200000, 0x00000000a5300000, 0x00000000a5300000|100%|HC|  |TAMS 0x00000000a5300000, 0x00000000a5200000| Complete 
|  45|0x00000000a5300000, 0x00000000a5300000, 0x00000000a5400000|  0%| F|  |TAMS 0x00000000a5300000, 0x00000000a5300000| Untracked 
|  46|0x00000000a5400000, 0x00000000a5500000, 0x00000000a5500000|100%|HS|  |TAMS 0x00000000a5500000, 0x00000000a5400000| Complete 
|  47|0x00000000a5500000, 0x00000000a5600000, 0x00000000a5600000|100%| O|  |TAMS 0x00000000a5600000, 0x00000000a5500000| Untracked 
|  48|0x00000000a5600000, 0x00000000a5700000, 0x00000000a5700000|100%| O|  |TAMS 0x00000000a5700000, 0x00000000a5600000| Untracked 
|  49|0x00000000a5700000, 0x00000000a5800000, 0x00000000a5800000|100%| O|  |TAMS 0x00000000a5800000, 0x00000000a5700000| Untracked 
|  50|0x00000000a5800000, 0x00000000a5900000, 0x00000000a5900000|100%| O|  |TAMS 0x00000000a5900000, 0x00000000a5800000| Untracked 
|  51|0x00000000a5900000, 0x00000000a5a00000, 0x00000000a5a00000|100%| O|  |TAMS 0x00000000a5a00000, 0x00000000a5900000| Untracked 
|  52|0x00000000a5a00000, 0x00000000a5b00000, 0x00000000a5b00000|100%| O|  |TAMS 0x00000000a5b00000, 0x00000000a5a00000| Untracked 
|  53|0x00000000a5b00000, 0x00000000a5c00000, 0x00000000a5c00000|100%| O|  |TAMS 0x00000000a5c00000, 0x00000000a5b00000| Untracked 
|  54|0x00000000a5c00000, 0x00000000a5d00000, 0x00000000a5d00000|100%| O|  |TAMS 0x00000000a5d00000, 0x00000000a5c00000| Untracked 
|  55|0x00000000a5d00000, 0x00000000a5e00000, 0x00000000a5e00000|100%| O|  |TAMS 0x00000000a5e00000, 0x00000000a5d00000| Untracked 
|  56|0x00000000a5e00000, 0x00000000a5f00000, 0x00000000a5f00000|100%| O|  |TAMS 0x00000000a5f00000, 0x00000000a5e00000| Untracked 
|  57|0x00000000a5f00000, 0x00000000a6000000, 0x00000000a6000000|100%| O|  |TAMS 0x00000000a6000000, 0x00000000a5f00000| Untracked 
|  58|0x00000000a6000000, 0x00000000a6100000, 0x00000000a6100000|100%| O|  |TAMS 0x00000000a6100000, 0x00000000a6000000| Untracked 
|  59|0x00000000a6100000, 0x00000000a6200000, 0x00000000a6200000|100%| O|  |TAMS 0x00000000a6200000, 0x00000000a6100000| Untracked 
|  60|0x00000000a6200000, 0x00000000a6200000, 0x00000000a6300000|  0%| F|  |TAMS 0x00000000a6200000, 0x00000000a6200000| Untracked 
|  61|0x00000000a6300000, 0x00000000a6300000, 0x00000000a6400000|  0%| F|  |TAMS 0x00000000a6300000, 0x00000000a6300000| Untracked 
|  62|0x00000000a6400000, 0x00000000a6400000, 0x00000000a6500000|  0%| F|  |TAMS 0x00000000a6400000, 0x00000000a6400000| Untracked 
|  63|0x00000000a6500000, 0x00000000a6500000, 0x00000000a6600000|  0%| F|  |TAMS 0x00000000a6500000, 0x00000000a6500000| Untracked 
|  64|0x00000000a6600000, 0x00000000a6700000, 0x00000000a6700000|100%| O|  |TAMS 0x00000000a6700000, 0x00000000a6600000| Untracked 
|  65|0x00000000a6700000, 0x00000000a6800000, 0x00000000a6800000|100%| O|  |TAMS 0x00000000a6800000, 0x00000000a6700000| Untracked 
|  66|0x00000000a6800000, 0x00000000a6900000, 0x00000000a6900000|100%| O|  |TAMS 0x00000000a6900000, 0x00000000a6800000| Untracked 
|  67|0x00000000a6900000, 0x00000000a6a00000, 0x00000000a6a00000|100%| O|  |TAMS 0x00000000a6a00000, 0x00000000a6900000| Untracked 
|  68|0x00000000a6a00000, 0x00000000a6a00000, 0x00000000a6b00000|  0%| F|  |TAMS 0x00000000a6a00000, 0x00000000a6a00000| Untracked 
|  69|0x00000000a6b00000, 0x00000000a6b00000, 0x00000000a6c00000|  0%| F|  |TAMS 0x00000000a6b00000, 0x00000000a6b00000| Untracked 
|  70|0x00000000a6c00000, 0x00000000a6c00000, 0x00000000a6d00000|  0%| F|  |TAMS 0x00000000a6c00000, 0x00000000a6c00000| Untracked 
|  71|0x00000000a6d00000, 0x00000000a6d00000, 0x00000000a6e00000|  0%| F|  |TAMS 0x00000000a6d00000, 0x00000000a6d00000| Untracked 
|  72|0x00000000a6e00000, 0x00000000a6e00000, 0x00000000a6f00000|  0%| F|  |TAMS 0x00000000a6e00000, 0x00000000a6e00000| Untracked 
|  73|0x00000000a6f00000, 0x00000000a6f00000, 0x00000000a7000000|  0%| F|  |TAMS 0x00000000a6f00000, 0x00000000a6f00000| Untracked 
|  74|0x00000000a7000000, 0x00000000a7000000, 0x00000000a7100000|  0%| F|  |TAMS 0x00000000a7000000, 0x00000000a7000000| Untracked 
|  75|0x00000000a7100000, 0x00000000a7100000, 0x00000000a7200000|  0%| F|  |TAMS 0x00000000a7100000, 0x00000000a7100000| Untracked 
|  76|0x00000000a7200000, 0x00000000a7200000, 0x00000000a7300000|  0%| F|  |TAMS 0x00000000a7200000, 0x00000000a7200000| Untracked 
|  77|0x00000000a7300000, 0x00000000a7300000, 0x00000000a7400000|  0%| F|  |TAMS 0x00000000a7300000, 0x00000000a7300000| Untracked 
|  78|0x00000000a7400000, 0x00000000a741a800, 0x00000000a7500000| 10%| S|CS|TAMS 0x00000000a7400000, 0x00000000a7400000| Complete 
|  79|0x00000000a7500000, 0x00000000a7600000, 0x00000000a7600000|100%| S|CS|TAMS 0x00000000a7500000, 0x00000000a7500000| Complete 
|  80|0x00000000a7600000, 0x00000000a7700000, 0x00000000a7700000|100%| S|CS|TAMS 0x00000000a7600000, 0x00000000a7600000| Complete 
|  81|0x00000000a7700000, 0x00000000a7700000, 0x00000000a7800000|  0%| F|  |TAMS 0x00000000a7700000, 0x00000000a7700000| Untracked 
|  82|0x00000000a7800000, 0x00000000a7800000, 0x00000000a7900000|  0%| F|  |TAMS 0x00000000a7800000, 0x00000000a7800000| Untracked 
|  83|0x00000000a7900000, 0x00000000a7900000, 0x00000000a7a00000|  0%| F|  |TAMS 0x00000000a7900000, 0x00000000a7900000| Untracked 
|  84|0x00000000a7a00000, 0x00000000a7a00000, 0x00000000a7b00000|  0%| F|  |TAMS 0x00000000a7a00000, 0x00000000a7a00000| Untracked 
|  85|0x00000000a7b00000, 0x00000000a7b00000, 0x00000000a7c00000|  0%| F|  |TAMS 0x00000000a7b00000, 0x00000000a7b00000| Untracked 
|  86|0x00000000a7c00000, 0x00000000a7c00000, 0x00000000a7d00000|  0%| F|  |TAMS 0x00000000a7c00000, 0x00000000a7c00000| Untracked 
|  87|0x00000000a7d00000, 0x00000000a7d00000, 0x00000000a7e00000|  0%| F|  |TAMS 0x00000000a7d00000, 0x00000000a7d00000| Untracked 
|  88|0x00000000a7e00000, 0x00000000a7e00000, 0x00000000a7f00000|  0%| F|  |TAMS 0x00000000a7e00000, 0x00000000a7e00000| Untracked 
|  89|0x00000000a7f00000, 0x00000000a7f00000, 0x00000000a8000000|  0%| F|  |TAMS 0x00000000a7f00000, 0x00000000a7f00000| Untracked 
|  90|0x00000000a8000000, 0x00000000a8000000, 0x00000000a8100000|  0%| F|  |TAMS 0x00000000a8000000, 0x00000000a8000000| Untracked 
|  91|0x00000000a8100000, 0x00000000a8100000, 0x00000000a8200000|  0%| F|  |TAMS 0x00000000a8100000, 0x00000000a8100000| Untracked 
|  92|0x00000000a8200000, 0x00000000a8200000, 0x00000000a8300000|  0%| F|  |TAMS 0x00000000a8200000, 0x00000000a8200000| Untracked 
|  93|0x00000000a8300000, 0x00000000a8300000, 0x00000000a8400000|  0%| F|  |TAMS 0x00000000a8300000, 0x00000000a8300000| Untracked 
|  94|0x00000000a8400000, 0x00000000a8400000, 0x00000000a8500000|  0%| F|  |TAMS 0x00000000a8400000, 0x00000000a8400000| Untracked 
|  95|0x00000000a8500000, 0x00000000a8500000, 0x00000000a8600000|  0%| F|  |TAMS 0x00000000a8500000, 0x00000000a8500000| Untracked 
|  96|0x00000000a8600000, 0x00000000a8600000, 0x00000000a8700000|  0%| F|  |TAMS 0x00000000a8600000, 0x00000000a8600000| Untracked 
|  97|0x00000000a8700000, 0x00000000a8700000, 0x00000000a8800000|  0%| F|  |TAMS 0x00000000a8700000, 0x00000000a8700000| Untracked 
|  98|0x00000000a8800000, 0x00000000a8800000, 0x00000000a8900000|  0%| F|  |TAMS 0x00000000a8800000, 0x00000000a8800000| Untracked 
|  99|0x00000000a8900000, 0x00000000a8900000, 0x00000000a8a00000|  0%| F|  |TAMS 0x00000000a8900000, 0x00000000a8900000| Untracked 
| 100|0x00000000a8a00000, 0x00000000a8a00000, 0x00000000a8b00000|  0%| F|  |TAMS 0x00000000a8a00000, 0x00000000a8a00000| Untracked 
| 101|0x00000000a8b00000, 0x00000000a8b00000, 0x00000000a8c00000|  0%| F|  |TAMS 0x00000000a8b00000, 0x00000000a8b00000| Untracked 
| 102|0x00000000a8c00000, 0x00000000a8c00000, 0x00000000a8d00000|  0%| F|  |TAMS 0x00000000a8c00000, 0x00000000a8c00000| Untracked 
| 103|0x00000000a8d00000, 0x00000000a8d00000, 0x00000000a8e00000|  0%| F|  |TAMS 0x00000000a8d00000, 0x00000000a8d00000| Untracked 
| 104|0x00000000a8e00000, 0x00000000a8e00000, 0x00000000a8f00000|  0%| F|  |TAMS 0x00000000a8e00000, 0x00000000a8e00000| Untracked 
| 105|0x00000000a8f00000, 0x00000000a8f00000, 0x00000000a9000000|  0%| F|  |TAMS 0x00000000a8f00000, 0x00000000a8f00000| Untracked 
| 106|0x00000000a9000000, 0x00000000a9000000, 0x00000000a9100000|  0%| F|  |TAMS 0x00000000a9000000, 0x00000000a9000000| Untracked 
| 107|0x00000000a9100000, 0x00000000a9100000, 0x00000000a9200000|  0%| F|  |TAMS 0x00000000a9100000, 0x00000000a9100000| Untracked 
| 108|0x00000000a9200000, 0x00000000a9200000, 0x00000000a9300000|  0%| F|  |TAMS 0x00000000a9200000, 0x00000000a9200000| Untracked 
| 109|0x00000000a9300000, 0x00000000a9300000, 0x00000000a9400000|  0%| F|  |TAMS 0x00000000a9300000, 0x00000000a9300000| Untracked 
| 110|0x00000000a9400000, 0x00000000a9400000, 0x00000000a9500000|  0%| F|  |TAMS 0x00000000a9400000, 0x00000000a9400000| Untracked 
| 111|0x00000000a9500000, 0x00000000a9500000, 0x00000000a9600000|  0%| F|  |TAMS 0x00000000a9500000, 0x00000000a9500000| Untracked 
| 112|0x00000000a9600000, 0x00000000a9700000, 0x00000000a9700000|100%| E|  |TAMS 0x00000000a9600000, 0x00000000a9600000| Complete 

Card table byte_map: [0x00000193ff110000,0x00000193ff400000] _byte_map_base: 0x00000193febfd000

Marking Bits (Prev, Next): (CMBitMap*) 0x00000193f7070d40, (CMBitMap*) 0x00000193f7070d00
 Prev Bits: [0x0000019390770000, 0x0000019391ed8000)
 Next Bits: [0x000001938f000000, 0x0000019390768000)

Polling page: 0x00000193f4fc0000

Metaspace:

Usage:
  Non-class:     27.69 MB used.
      Class:      3.55 MB used.
       Both:     31.24 MB used.

Virtual space:
  Non-class space:       64.00 MB reserved,      27.88 MB ( 44%) committed,  1 nodes.
      Class space:        1.00 GB reserved,       3.75 MB ( <1%) committed,  1 nodes.
             Both:        1.06 GB reserved,      31.62 MB (  3%) committed. 

Chunk freelists:
   Non-Class:  3.84 MB
       Class:  12.09 MB
        Both:  15.94 MB

MaxMetaspaceSize: unlimited
CompressedClassSpaceSize: 1.00 GB
Initial GC threshold: 21.00 MB
Current GC threshold: 48.38 MB
CDS: on
MetaspaceReclaimPolicy: balanced
 - commit_granule_bytes: 65536.
 - commit_granule_words: 8192.
 - virtual_space_node_default_size: 8388608.
 - enlarge_chunks_in_place: 1.
 - new_chunks_are_fully_committed: 0.
 - uncommit_free_chunks: 1.
 - use_allocation_guard: 0.
 - handle_deallocations: 1.


Internal statistics:

num_allocs_failed_limit: 3.
num_arena_births: 218.
num_arena_deaths: 6.
num_vsnodes_births: 2.
num_vsnodes_deaths: 0.
num_space_committed: 523.
num_space_uncommitted: 17.
num_chunks_returned_to_freelist: 89.
num_chunks_taken_from_freelist: 1446.
num_chunk_merges: 24.
num_chunk_splits: 1008.
num_chunks_enlarged: 791.
num_inconsistent_stats: 0.

CodeHeap 'non-profiled nmethods': size=120000Kb used=3565Kb max_used=3565Kb free=116434Kb
 bounds [0x0000019387ad0000, 0x0000019387e50000, 0x000001938f000000]
CodeHeap 'profiled nmethods': size=120000Kb used=14219Kb max_used=14219Kb free=105781Kb
 bounds [0x0000019380000000, 0x0000019380df0000, 0x0000019387530000]
CodeHeap 'non-nmethods': size=5760Kb used=1245Kb max_used=1266Kb free=4514Kb
 bounds [0x0000019387530000, 0x00000193877a0000, 0x0000019387ad0000]
 total_blobs=7080 nmethods=6523 adapters=469
 compilation: enabled
              stopped_count=0, restarted_count=0
 full_count=0

Compilation events (20 events):
Event: 57.947 Thread 0x00000193dbff87f0 nmethod 7350 0x0000019387e3e410 code [0x0000019387e3e5a0, 0x0000019387e3e758]
Event: 57.947 Thread 0x00000193dbff87f0 7346       4       java.util.WeakHashMap::put (160 bytes)
Event: 57.951 Thread 0x000001939427d840 7360   !   3       java.io.CharArrayWriter::write (74 bytes)
Event: 57.951 Thread 0x000001939427d840 nmethod 7360 0x0000019380db3210 code [0x0000019380db33e0, 0x0000019380db37a8]
Event: 57.951 Thread 0x000001939427d840 7364       3       java.lang.AbstractStringBuilder::append (67 bytes)
Event: 57.952 Thread 0x000001939427d840 nmethod 7364 0x0000019380db3a10 code [0x0000019380db3c20, 0x0000019380db4148]
Event: 57.952 Thread 0x000001939427d840 7365       3       java.lang.AbstractStringBuilder::getBytes (44 bytes)
Event: 57.955 Thread 0x000001939427d840 nmethod 7365 0x0000019380db4310 code [0x0000019380db44c0, 0x0000019380db4758]
Event: 57.955 Thread 0x000001939427d840 7361       3       java.io.CharArrayWriter::flush (1 bytes)
Event: 57.956 Thread 0x000001939427d840 nmethod 7361 0x0000019380db4810 code [0x0000019380db49a0, 0x0000019380db4ab8]
Event: 57.956 Thread 0x000001939427d840 7362   !   3       java.io.CharArrayWriter::toString (31 bytes)
Event: 57.956 Thread 0x000001939427d840 nmethod 7362 0x0000019380db4b90 code [0x0000019380db4d40, 0x0000019380db4fc8]
Event: 57.956 Thread 0x000001939427d840 7363       3       java.io.CharArrayWriter::reset (6 bytes)
Event: 57.956 Thread 0x000001939427d840 nmethod 7363 0x0000019380db5110 code [0x0000019380db52a0, 0x0000019380db53b8]
Event: 57.958 Thread 0x000001939427d840 7366       3       java.nio.file.Path::of (9 bytes)
Event: 57.959 Thread 0x000001939427d840 nmethod 7366 0x0000019380db5490 code [0x0000019380db5660, 0x0000019380db5a88]
Event: 57.959 Thread 0x000001939427d840 7368       3       sun.nio.fs.WindowsPath::createFromNormalizedPath (7 bytes)
Event: 57.959 Thread 0x000001939427d840 nmethod 7368 0x0000019380db5c10 code [0x0000019380db5da0, 0x0000019380db5ec8]
Event: 57.959 Thread 0x000001939427d840 7367       3       java.nio.file.Paths::get (6 bytes)
Event: 57.960 Thread 0x000001939427d840 nmethod 7367 0x0000019380db5f90 code [0x0000019380db6160, 0x0000019380db65e8]

GC Heap History (20 events):
Event: 25.529 GC heap before
{Heap before GC invocations=6 (full 0):
 garbage-first heap   total 96256K, used 71168K [0x00000000a2600000, 0x0000000100000000)
  region size 1024K, 47 young (48128K), 6 survivors (6144K)
 Metaspace       used 25655K, committed 25984K, reserved 1114112K
  class space    used 2971K, committed 3136K, reserved 1048576K
}
Event: 25.559 GC heap after
{Heap after GC invocations=7 (full 0):
 garbage-first heap   total 96256K, used 40927K [0x00000000a2600000, 0x0000000100000000)
  region size 1024K, 6 young (6144K), 6 survivors (6144K)
 Metaspace       used 25655K, committed 25984K, reserved 1114112K
  class space    used 2971K, committed 3136K, reserved 1048576K
}
Event: 33.331 GC heap before
{Heap before GC invocations=7 (full 0):
 garbage-first heap   total 96256K, used 67551K [0x00000000a2600000, 0x0000000100000000)
  region size 1024K, 33 young (33792K), 6 survivors (6144K)
 Metaspace       used 27122K, committed 27520K, reserved 1114112K
  class space    used 3137K, committed 3328K, reserved 1048576K
}
Event: 33.340 GC heap after
{Heap after GC invocations=8 (full 0):
 garbage-first heap   total 96256K, used 43520K [0x00000000a2600000, 0x0000000100000000)
  region size 1024K, 2 young (2048K), 2 survivors (2048K)
 Metaspace       used 27122K, committed 27520K, reserved 1114112K
  class space    used 3137K, committed 3328K, reserved 1048576K
}
Event: 35.427 GC heap before
{Heap before GC invocations=8 (full 0):
 garbage-first heap   total 96256K, used 72192K [0x00000000a2600000, 0x0000000100000000)
  region size 1024K, 29 young (29696K), 2 survivors (2048K)
 Metaspace       used 29247K, committed 29632K, reserved 1114112K
  class space    used 3385K, committed 3584K, reserved 1048576K
}
Event: 35.437 GC heap after
{Heap after GC invocations=9 (full 0):
 garbage-first heap   total 96256K, used 44526K [0x00000000a2600000, 0x0000000100000000)
  region size 1024K, 3 young (3072K), 3 survivors (3072K)
 Metaspace       used 29247K, committed 29632K, reserved 1114112K
  class space    used 3385K, committed 3584K, reserved 1048576K
}
Event: 36.127 GC heap before
{Heap before GC invocations=9 (full 0):
 garbage-first heap   total 96256K, used 49646K [0x00000000a2600000, 0x0000000100000000)
  region size 1024K, 9 young (9216K), 3 survivors (3072K)
 Metaspace       used 29292K, committed 29696K, reserved 1114112K
  class space    used 3386K, committed 3584K, reserved 1048576K
}
Event: 36.135 GC heap after
{Heap after GC invocations=10 (full 0):
 garbage-first heap   total 96256K, used 44978K [0x00000000a2600000, 0x0000000100000000)
  region size 1024K, 2 young (2048K), 2 survivors (2048K)
 Metaspace       used 29292K, committed 29696K, reserved 1114112K
  class space    used 3386K, committed 3584K, reserved 1048576K
}
Event: 36.908 GC heap before
{Heap before GC invocations=11 (full 0):
 garbage-first heap   total 96256K, used 76722K [0x00000000a2600000, 0x0000000100000000)
  region size 1024K, 30 young (30720K), 2 survivors (2048K)
 Metaspace       used 29360K, committed 29696K, reserved 1114112K
  class space    used 3387K, committed 3584K, reserved 1048576K
}
Event: 36.931 GC heap after
{Heap after GC invocations=12 (full 0):
 garbage-first heap   total 96256K, used 63264K [0x00000000a2600000, 0x0000000100000000)
  region size 1024K, 4 young (4096K), 4 survivors (4096K)
 Metaspace       used 29360K, committed 29696K, reserved 1114112K
  class space    used 3387K, committed 3584K, reserved 1048576K
}
Event: 36.985 GC heap before
{Heap before GC invocations=12 (full 0):
 garbage-first heap   total 96256K, used 64288K [0x00000000a2600000, 0x0000000100000000)
  region size 1024K, 5 young (5120K), 4 survivors (4096K)
 Metaspace       used 29366K, committed 29696K, reserved 1114112K
  class space    used 3387K, committed 3584K, reserved 1048576K
}
Event: 36.997 GC heap after
{Heap after GC invocations=13 (full 0):
 garbage-first heap   total 115712K, used 54898K [0x00000000a2600000, 0x0000000100000000)
  region size 1024K, 1 young (1024K), 1 survivors (1024K)
 Metaspace       used 29366K, committed 29696K, reserved 1114112K
  class space    used 3387K, committed 3584K, reserved 1048576K
}
Event: 37.117 GC heap before
{Heap before GC invocations=13 (full 0):
 garbage-first heap   total 115712K, used 57970K [0x00000000a2600000, 0x0000000100000000)
  region size 1024K, 5 young (5120K), 1 survivors (1024K)
 Metaspace       used 29366K, committed 29696K, reserved 1114112K
  class space    used 3387K, committed 3584K, reserved 1048576K
}
Event: 37.120 GC heap after
{Heap after GC invocations=14 (full 0):
 garbage-first heap   total 115712K, used 56387K [0x00000000a2600000, 0x0000000100000000)
  region size 1024K, 1 young (1024K), 1 survivors (1024K)
 Metaspace       used 29366K, committed 29696K, reserved 1114112K
  class space    used 3387K, committed 3584K, reserved 1048576K
}
Event: 38.209 GC heap before
{Heap before GC invocations=14 (full 0):
 garbage-first heap   total 115712K, used 80963K [0x00000000a2600000, 0x0000000100000000)
  region size 1024K, 26 young (26624K), 1 survivors (1024K)
 Metaspace       used 29939K, committed 30272K, reserved 1114112K
  class space    used 3461K, committed 3648K, reserved 1048576K
}
Event: 38.218 GC heap after
{Heap after GC invocations=15 (full 0):
 garbage-first heap   total 115712K, used 60143K [0x00000000a2600000, 0x0000000100000000)
  region size 1024K, 4 young (4096K), 4 survivors (4096K)
 Metaspace       used 29939K, committed 30272K, reserved 1114112K
  class space    used 3461K, committed 3648K, reserved 1048576K
}
Event: 39.420 GC heap before
{Heap before GC invocations=16 (full 0):
 garbage-first heap   total 115712K, used 79599K [0x00000000a2600000, 0x0000000100000000)
  region size 1024K, 28 young (28672K), 4 survivors (4096K)
 Metaspace       used 29145K, committed 29568K, reserved 1114112K
  class space    used 3355K, committed 3584K, reserved 1048576K
}
Event: 39.426 GC heap after
{Heap after GC invocations=17 (full 0):
 garbage-first heap   total 115712K, used 54137K [0x00000000a2600000, 0x0000000100000000)
  region size 1024K, 1 young (1024K), 1 survivors (1024K)
 Metaspace       used 29145K, committed 29568K, reserved 1114112K
  class space    used 3355K, committed 3584K, reserved 1048576K
}
Event: 39.671 GC heap before
{Heap before GC invocations=17 (full 0):
 garbage-first heap   total 115712K, used 58233K [0x00000000a2600000, 0x0000000100000000)
  region size 1024K, 5 young (5120K), 1 survivors (1024K)
 Metaspace       used 29153K, committed 29568K, reserved 1114112K
  class space    used 3355K, committed 3584K, reserved 1048576K
}
Event: 39.686 GC heap after
{Heap after GC invocations=18 (full 0):
 garbage-first heap   total 115712K, used 51016K [0x00000000a2600000, 0x0000000100000000)
  region size 1024K, 1 young (1024K), 1 survivors (1024K)
 Metaspace       used 29153K, committed 29568K, reserved 1114112K
  class space    used 3355K, committed 3584K, reserved 1048576K
}

Deoptimization events (20 events):
Event: 46.415 Thread 0x00000193f7023170 Uncommon trap: trap_request=0xffffffde fr.pc=0x0000019387b9d97c relative=0x000000000000049c
Event: 46.415 Thread 0x00000193f7023170 Uncommon trap: reason=class_check action=maybe_recompile pc=0x0000019387b9d97c method=com.google.inject.internal.MoreTypes.getRawType(Ljava/lang/reflect/Type;)Ljava/lang/Class; @ 13 c2
Event: 46.415 Thread 0x00000193f7023170 DEOPT PACKING pc=0x0000019387b9d97c sp=0x0000000667ffd730
Event: 46.415 Thread 0x00000193f7023170 DEOPT UNPACKING pc=0x00000193875823a3 sp=0x0000000667ffd678 mode 2
Event: 46.415 Thread 0x00000193f7023170 Uncommon trap: trap_request=0xffffffde fr.pc=0x0000019387b9d97c relative=0x000000000000049c
Event: 46.415 Thread 0x00000193f7023170 Uncommon trap: reason=class_check action=maybe_recompile pc=0x0000019387b9d97c method=com.google.inject.internal.MoreTypes.getRawType(Ljava/lang/reflect/Type;)Ljava/lang/Class; @ 13 c2
Event: 46.415 Thread 0x00000193f7023170 DEOPT PACKING pc=0x0000019387b9d97c sp=0x0000000667ffd730
Event: 46.415 Thread 0x00000193f7023170 DEOPT UNPACKING pc=0x00000193875823a3 sp=0x0000000667ffd678 mode 2
Event: 46.415 Thread 0x00000193f7023170 Uncommon trap: trap_request=0xffffffde fr.pc=0x0000019387b9d11c relative=0x000000000000007c
Event: 46.415 Thread 0x00000193f7023170 Uncommon trap: reason=class_check action=maybe_recompile pc=0x0000019387b9d11c method=com.google.inject.internal.MoreTypes.getRawType(Ljava/lang/reflect/Type;)Ljava/lang/Class; @ 13 c2
Event: 46.415 Thread 0x00000193f7023170 DEOPT PACKING pc=0x0000019387b9d11c sp=0x0000000667ffd6d0
Event: 46.415 Thread 0x00000193f7023170 DEOPT UNPACKING pc=0x00000193875823a3 sp=0x0000000667ffd660 mode 2
Event: 49.287 Thread 0x00000193f7023170 Uncommon trap: trap_request=0xffffff45 fr.pc=0x0000019387d03c84 relative=0x0000000000000a04
Event: 49.288 Thread 0x00000193f7023170 Uncommon trap: reason=unstable_if action=reinterpret pc=0x0000019387d03c84 method=org.codehaus.plexus.classworlds.realm.Entry.matches(Ljava/lang/String;)Z @ 20 c2
Event: 49.289 Thread 0x00000193f7023170 DEOPT PACKING pc=0x0000019387d03c84 sp=0x0000000667ffd4d0
Event: 49.290 Thread 0x00000193f7023170 DEOPT UNPACKING pc=0x00000193875823a3 sp=0x0000000667ffd498 mode 2
Event: 57.628 Thread 0x00000193f7023170 Uncommon trap: trap_request=0xffffff45 fr.pc=0x0000019387ce6658 relative=0x0000000000000238
Event: 57.630 Thread 0x00000193f7023170 Uncommon trap: reason=unstable_if action=reinterpret pc=0x0000019387ce6658 method=java.lang.StringLatin1.lastIndexOf([BI[BII)I @ 86 c2
Event: 57.634 Thread 0x00000193f7023170 DEOPT PACKING pc=0x0000019387ce6658 sp=0x0000000667ffc6c0
Event: 57.640 Thread 0x00000193f7023170 DEOPT UNPACKING pc=0x00000193875823a3 sp=0x0000000667ffc508 mode 2

Classes unloaded (20 events):
Event: 38.248 Thread 0x000001939424fc90 Unloading class 0x00000193963267c8 'lombok/javac/apt/MessagerDiagnosticsReceiver'
Event: 38.248 Thread 0x000001939424fc90 Unloading class 0x0000019396326420 'lombok/javac/apt/InterceptingJavaFileManager'
Event: 38.248 Thread 0x000001939424fc90 Unloading class 0x0000019396326218 'lombok/permit/dummy/Parent'
Event: 38.248 Thread 0x000001939424fc90 Unloading class 0x0000019396326000 'lombok/core/CleanupRegistry'
Event: 38.248 Thread 0x000001939424fc90 Unloading class 0x0000019396325de0 'lombok/permit/Permit$Fake'
Event: 38.248 Thread 0x000001939424fc90 Unloading class 0x0000019396325be0 'lombok/permit/Permit'
Event: 38.248 Thread 0x000001939424fc90 Unloading class 0x00000193963259e8 'lombok/core/DiagnosticsReceiver'
Event: 38.248 Thread 0x000001939424fc90 Unloading class 0x0000019396325700 'lombok/javac/apt/LombokProcessor$1'
Event: 38.248 Thread 0x000001939424fc90 Unloading class 0x0000019396325468 'lombok/javac/apt/LombokProcessor'
Event: 38.248 Thread 0x000001939424fc90 Unloading class 0x0000019396325238 'lombok/core/AnnotationProcessor$EcjDescriptor'
Event: 38.248 Thread 0x000001939424fc90 Unloading class 0x0000019396325000 'lombok/core/AnnotationProcessor$JavacDescriptor'
Event: 38.248 Thread 0x000001939424fc90 Unloading class 0x0000019396324a80 'lombok/core/AnnotationProcessor$ProcessorDescriptor'
Event: 38.248 Thread 0x000001939424fc90 Unloading class 0x0000019396324800 'lombok/core/AnnotationProcessor'
Event: 38.248 Thread 0x000001939424fc90 Unloading class 0x0000019396355800 'lombok/launch/AnnotationProcessorHider$ClaimingProcessor'
Event: 38.248 Thread 0x000001939424fc90 Unloading class 0x0000019396324498 'lombok/launch/AnnotationProcessorHider$AstModificationNotifierData'
Event: 38.248 Thread 0x000001939424fc90 Unloading class 0x0000019396324218 'lombok/launch/ClassFileMetaData'
Event: 38.248 Thread 0x000001939424fc90 Unloading class 0x0000019396324000 'lombok/launch/PackageShader'
Event: 38.248 Thread 0x000001939424fc90 Unloading class 0x00000193962fc480 'lombok/launch/ShadowClassLoader'
Event: 38.248 Thread 0x000001939424fc90 Unloading class 0x00000193962fc280 'lombok/launch/Main'
Event: 38.248 Thread 0x000001939424fc90 Unloading class 0x00000193962fc000 'lombok/launch/AnnotationProcessorHider$AnnotationProcessor'

Classes redefined (0 events):
No events

Internal exceptions (20 events):
Event: 38.936 Thread 0x00000193f7023170 Exception <a 'sun/nio/fs/WindowsException'{0x00000000a87ab7d8}> (0x00000000a87ab7d8) 
thrown [s\open\src\hotspot\share\prims\jni.cpp, line 516]
Event: 38.936 Thread 0x00000193f7023170 Exception <a 'sun/nio/fs/WindowsException'{0x00000000a87abaa8}> (0x00000000a87abaa8) 
thrown [s\open\src\hotspot\share\prims\jni.cpp, line 516]
Event: 38.939 Thread 0x00000193f7023170 Exception <a 'sun/nio/fs/WindowsException'{0x00000000a87cdaf0}> (0x00000000a87cdaf0) 
thrown [s\open\src\hotspot\share\prims\jni.cpp, line 516]
Event: 38.939 Thread 0x00000193f7023170 Exception <a 'sun/nio/fs/WindowsException'{0x00000000a87cdda0}> (0x00000000a87cdda0) 
thrown [s\open\src\hotspot\share\prims\jni.cpp, line 516]
Event: 38.939 Thread 0x00000193f7023170 Exception <a 'sun/nio/fs/WindowsException'{0x00000000a87cec98}> (0x00000000a87cec98) 
thrown [s\open\src\hotspot\share\prims\jni.cpp, line 516]
Event: 38.939 Thread 0x00000193f7023170 Exception <a 'sun/nio/fs/WindowsException'{0x00000000a87cf010}> (0x00000000a87cf010) 
thrown [s\open\src\hotspot\share\prims\jni.cpp, line 516]
Event: 38.939 Thread 0x00000193f7023170 Exception <a 'sun/nio/fs/WindowsException'{0x00000000a87cffe0}> (0x00000000a87cffe0) 
thrown [s\open\src\hotspot\share\prims\jni.cpp, line 516]
Event: 38.939 Thread 0x00000193f7023170 Exception <a 'sun/nio/fs/WindowsException'{0x00000000a87d02b0}> (0x00000000a87d02b0) 
thrown [s\open\src\hotspot\share\prims\jni.cpp, line 516]
Event: 38.950 Thread 0x00000193f7023170 Exception <a 'sun/nio/fs/WindowsException'{0x00000000a86ab760}> (0x00000000a86ab760) 
thrown [s\open\src\hotspot\share\prims\jni.cpp, line 516]
Event: 38.955 Thread 0x00000193f7023170 Exception <a 'sun/nio/fs/WindowsException'{0x00000000a86c4bd8}> (0x00000000a86c4bd8) 
thrown [s\open\src\hotspot\share\prims\jni.cpp, line 516]
Event: 38.962 Thread 0x00000193f7023170 Exception <a 'sun/nio/fs/WindowsException'{0x00000000a86dfdb0}> (0x00000000a86dfdb0) 
thrown [s\open\src\hotspot\share\prims\jni.cpp, line 516]
Event: 38.962 Thread 0x00000193f7023170 Exception <a 'sun/nio/fs/WindowsException'{0x00000000a86e04d0}> (0x00000000a86e04d0) 
thrown [s\open\src\hotspot\share\prims\jni.cpp, line 516]
Event: 38.962 Thread 0x00000193f7023170 Exception <a 'sun/nio/fs/WindowsException'{0x00000000a86e0a90}> (0x00000000a86e0a90) 
thrown [s\open\src\hotspot\share\prims\jni.cpp, line 516]
Event: 38.962 Thread 0x00000193f7023170 Exception <a 'sun/nio/fs/WindowsException'{0x00000000a86e11a0}> (0x00000000a86e11a0) 
thrown [s\open\src\hotspot\share\prims\jni.cpp, line 516]
Event: 38.962 Thread 0x00000193f7023170 Exception <a 'sun/nio/fs/WindowsException'{0x00000000a86e1468}> (0x00000000a86e1468) 
thrown [s\open\src\hotspot\share\prims\jni.cpp, line 516]
Event: 38.962 Thread 0x00000193f7023170 Exception <a 'sun/nio/fs/WindowsException'{0x00000000a86e20c8}> (0x00000000a86e20c8) 
thrown [s\open\src\hotspot\share\prims\jni.cpp, line 516]
Event: 48.500 Thread 0x00000193dc394d40 Exception <a 'java/lang/NoSuchMethodError'{0x00000000a85ba2c8}: 'java.lang.Object java.lang.invoke.DirectMethodHandle$Holder.invokeStaticInit(java.lang.Object, java.lang.Object, long, java.lang.Object)'> (0x00000000a85ba2c8) 
thrown [s\open\src\hotspot\share\interpreter\linkResolver.cpp, line 759]
Event: 48.816 Thread 0x00000193dc394d40 Exception <a 'java/lang/NoSuchMethodError'{0x00000000a85c0a08}: 'java.lang.Object java.lang.invoke.DirectMethodHandle$Holder.newInvokeSpecial(java.lang.Object, java.lang.Object, long)'> (0x00000000a85c0a08) 
thrown [s\open\src\hotspot\share\interpreter\linkResolver.cpp, line 759]
Event: 48.821 Thread 0x00000193dc394d40 Exception <a 'java/lang/NoSuchMethodError'{0x00000000a85c4578}: 'java.lang.Object java.lang.invoke.Invokers$Holder.linkToTargetMethod(java.lang.Object, long, java.lang.Object)'> (0x00000000a85c4578) 
thrown [s\open\src\hotspot\share\interpreter\linkResolver.cpp, line 759]
Event: 51.186 Thread 0x00000193f7023170 Exception <a 'java/lang/NoSuchMethodError'{0x00000000a823a630}: 'java.lang.Object java.lang.invoke.DirectMethodHandle$Holder.invokeStaticInit(java.lang.Object, java.lang.Object, int, int, int, int)'> (0x00000000a823a630) 
thrown [s\open\src\hotspot\share\interpreter\linkResolver.cpp, line 759]

VM Operations (20 events):
Event: 49.275 Executing VM operation: Cleanup
Event: 49.278 Executing VM operation: Cleanup done
Event: 49.624 Executing VM operation: HandshakeAllThreads
Event: 49.625 Executing VM operation: HandshakeAllThreads done
Event: 49.625 Executing VM operation: HandshakeAllThreads
Event: 49.627 Executing VM operation: HandshakeAllThreads done
Event: 50.635 Executing VM operation: Cleanup
Event: 50.647 Executing VM operation: Cleanup done
Event: 51.662 Executing VM operation: Cleanup
Event: 51.663 Executing VM operation: Cleanup done
Event: 52.697 Executing VM operation: Cleanup
Event: 52.743 Executing VM operation: Cleanup done
Event: 57.032 Executing VM operation: Cleanup
Event: 57.040 Executing VM operation: Cleanup done
Event: 57.837 Executing VM operation: HandshakeAllThreads
Event: 57.837 Executing VM operation: HandshakeAllThreads done
Event: 57.887 Executing VM operation: HandshakeAllThreads
Event: 57.887 Executing VM operation: HandshakeAllThreads done
Event: 57.888 Executing VM operation: HandshakeAllThreads
Event: 57.888 Executing VM operation: HandshakeAllThreads done

Events (20 events):
Event: 57.628 loading class sun/util/resources/cldr/TimeZoneNames_en_US done
Event: 57.644 loading class sun/util/cldr/CLDRBaseLocaleDataMetaInfo$TZCanonicalIDMapHolder
Event: 57.649 loading class sun/util/cldr/CLDRBaseLocaleDataMetaInfo$TZCanonicalIDMapHolder done
Event: 57.651 loading class sun/util/resources/TimeZoneNames
Event: 57.657 loading class sun/util/resources/TimeZoneNames done
Event: 57.657 loading class sun/util/resources/TimeZoneNames_en
Event: 57.660 loading class sun/util/resources/TimeZoneNames_en done
Event: 57.670 loading class java/io/FileOutputStream$1
Event: 57.672 loading class java/io/FileOutputStream$1 done
Event: 57.695 loading class java/util/concurrent/ConcurrentLinkedDeque
Event: 57.697 loading class java/util/concurrent/ConcurrentLinkedDeque done
Event: 57.698 loading class java/util/concurrent/ConcurrentLinkedDeque$Node
Event: 57.700 loading class java/util/concurrent/ConcurrentLinkedDeque$Node done
Event: 57.737 loading class java/util/zip/Deflater
Event: 57.739 loading class java/util/zip/Deflater done
Event: 57.768 loading class java/util/zip/Deflater$DeflaterZStreamRef
Event: 57.770 loading class java/util/zip/Deflater$DeflaterZStreamRef done
Event: 57.883 loading class java/nio/StringCharBuffer
Event: 57.885 loading class java/nio/StringCharBuffer done
Event: 57.939 Thread 0x00000193dbff87f0 Thread added: 0x00000193dbff87f0


Dynamic libraries:
0x00007ff6df080000 - 0x00007ff6df090000 	C:\Program Files\Java\jdk-17.0.10_windows-x64_bin\jdk-17.0.10\bin\java.exe
0x00007ff988890000 - 0x00007ff988aa7000 	C:\WINDOWS\SYSTEM32\ntdll.dll
0x00007ff987260000 - 0x00007ff987324000 	C:\WINDOWS\System32\KERNEL32.DLL
0x00007ff986220000 - 0x00007ff9865cd000 	C:\WINDOWS\System32\KERNELBASE.dll
0x00007ff985c70000 - 0x00007ff985d81000 	C:\WINDOWS\System32\ucrtbase.dll
0x00007ff95ca50000 - 0x00007ff95ca6b000 	C:\Program Files\Java\jdk-17.0.10_windows-x64_bin\jdk-17.0.10\bin\VCRUNTIME140.dll
0x00007ff95c210000 - 0x00007ff95c229000 	C:\Program Files\Java\jdk-17.0.10_windows-x64_bin\jdk-17.0.10\bin\jli.dll
0x00007ff986710000 - 0x00007ff9867c2000 	C:\WINDOWS\System32\ADVAPI32.dll
0x00007ff987ad0000 - 0x00007ff987b77000 	C:\WINDOWS\System32\msvcrt.dll
0x00007ff9876d0000 - 0x00007ff987779000 	C:\WINDOWS\System32\sechost.dll
0x00007ff9861f0000 - 0x00007ff986218000 	C:\WINDOWS\System32\bcrypt.dll
0x00007ff9865d0000 - 0x00007ff9866e4000 	C:\WINDOWS\System32\RPCRT4.dll
0x00007ff9886a0000 - 0x00007ff98884e000 	C:\WINDOWS\System32\USER32.dll
0x00007ff985c40000 - 0x00007ff985c66000 	C:\WINDOWS\System32\win32u.dll
0x00007ff988660000 - 0x00007ff988689000 	C:\WINDOWS\System32\GDI32.dll
0x00007ff985f00000 - 0x00007ff986019000 	C:\WINDOWS\System32\gdi32full.dll
0x00007ff986150000 - 0x00007ff9861ea000 	C:\WINDOWS\System32\msvcp_win.dll
0x00007ff95c270000 - 0x00007ff95c503000 	C:\WINDOWS\WinSxS\amd64_microsoft.windows.common-controls_6595b64144ccf1df_6.0.22621.3672_none_2713b9d173822955\COMCTL32.dll
0x00007ff97c790000 - 0x00007ff97c79a000 	C:\WINDOWS\SYSTEM32\VERSION.dll
0x00007ff986bc0000 - 0x00007ff986bf1000 	C:\WINDOWS\System32\IMM32.DLL
0x00007ff97fd30000 - 0x00007ff97fd3c000 	C:\Program Files\Java\jdk-17.0.10_windows-x64_bin\jdk-17.0.10\bin\vcruntime140_1.dll
0x00007ff93d750000 - 0x00007ff93d7de000 	C:\Program Files\Java\jdk-17.0.10_windows-x64_bin\jdk-17.0.10\bin\msvcp140.dll
0x00007ff8f8df0000 - 0x00007ff8f99cf000 	C:\Program Files\Java\jdk-17.0.10_windows-x64_bin\jdk-17.0.10\bin\server\jvm.dll
0x00007ff987ac0000 - 0x00007ff987ac8000 	C:\WINDOWS\System32\PSAPI.DLL
0x00007ff97fab0000 - 0x00007ff97fae4000 	C:\WINDOWS\SYSTEM32\WINMM.dll
0x00007ff967a00000 - 0x00007ff967a09000 	C:\WINDOWS\SYSTEM32\WSOCK32.dll
0x00007ff987330000 - 0x00007ff9873a1000 	C:\WINDOWS\System32\WS2_32.dll
0x00007ff984bc0000 - 0x00007ff984bd8000 	C:\WINDOWS\SYSTEM32\kernel.appcore.dll
0x00007ff9795c0000 - 0x00007ff9795ca000 	C:\Program Files\Java\jdk-17.0.10_windows-x64_bin\jdk-17.0.10\bin\jimage.dll
0x00007ff983570000 - 0x00007ff9837a2000 	C:\WINDOWS\SYSTEM32\DBGHELP.DLL
0x00007ff9867d0000 - 0x00007ff986b58000 	C:\WINDOWS\System32\combase.dll
0x00007ff987780000 - 0x00007ff987857000 	C:\WINDOWS\System32\OLEAUT32.dll
0x00007ff97cae0000 - 0x00007ff97cb12000 	C:\WINDOWS\SYSTEM32\dbgcore.DLL
0x00007ff985bc0000 - 0x00007ff985c3b000 	C:\WINDOWS\System32\bcryptPrimitives.dll
0x00007ff9524b0000 - 0x00007ff9524d5000 	C:\Program Files\Java\jdk-17.0.10_windows-x64_bin\jdk-17.0.10\bin\java.dll
0x00007ff9344b0000 - 0x00007ff934587000 	C:\Program Files\Java\jdk-17.0.10_windows-x64_bin\jdk-17.0.10\bin\jsvml.dll
0x00007ff987da0000 - 0x00007ff9885ff000 	C:\WINDOWS\System32\SHELL32.dll
0x00007ff983ac0000 - 0x00007ff9843bc000 	C:\WINDOWS\SYSTEM32\windows.storage.dll
0x00007ff983980000 - 0x00007ff983abf000 	C:\WINDOWS\SYSTEM32\wintypes.dll
0x00007ff9873b0000 - 0x00007ff9874a4000 	C:\WINDOWS\System32\SHCORE.dll
0x00007ff986b60000 - 0x00007ff986bbe000 	C:\WINDOWS\System32\shlwapi.dll
0x00007ff985af0000 - 0x00007ff985b11000 	C:\WINDOWS\SYSTEM32\profapi.dll
0x00007ff952370000 - 0x00007ff952389000 	C:\Program Files\Java\jdk-17.0.10_windows-x64_bin\jdk-17.0.10\bin\net.dll
0x00007ff981d70000 - 0x00007ff981ea6000 	C:\WINDOWS\SYSTEM32\WINHTTP.dll
0x00007ff985040000 - 0x00007ff9850a9000 	C:\WINDOWS\system32\mswsock.dll
0x00007ff944500000 - 0x00007ff944516000 	C:\Program Files\Java\jdk-17.0.10_windows-x64_bin\jdk-17.0.10\bin\nio.dll
0x00007ff940ca0000 - 0x00007ff940cb8000 	C:\Program Files\Java\jdk-17.0.10_windows-x64_bin\jdk-17.0.10\bin\zip.dll
0x0000000069ac0000 - 0x0000000069ae4000 	C:\apache-maven-3.9.4\lib\jansi-native\Windows\x86_64\jansi.dll
0x00007ff978ca0000 - 0x00007ff978cb0000 	C:\Program Files\Java\jdk-17.0.10_windows-x64_bin\jdk-17.0.10\bin\verify.dll
0x00007ff9852c0000 - 0x00007ff9852db000 	C:\WINDOWS\SYSTEM32\CRYPTSP.dll
0x00007ff984b20000 - 0x00007ff984b55000 	C:\WINDOWS\system32\rsaenh.dll
0x00007ff985160000 - 0x00007ff985188000 	C:\WINDOWS\SYSTEM32\USERENV.dll
0x00007ff9852e0000 - 0x00007ff9852ec000 	C:\WINDOWS\SYSTEM32\CRYPTBASE.dll
0x00007ff984620000 - 0x00007ff98464d000 	C:\WINDOWS\SYSTEM32\IPHLPAPI.DLL
0x00007ff987510000 - 0x00007ff987519000 	C:\WINDOWS\System32\NSI.dll
0x00007ff9820a0000 - 0x00007ff9820b9000 	C:\WINDOWS\SYSTEM32\dhcpcsvc6.DLL
0x00007ff982080000 - 0x00007ff98209f000 	C:\WINDOWS\SYSTEM32\dhcpcsvc.DLL
0x00007ff984690000 - 0x00007ff984788000 	C:\WINDOWS\SYSTEM32\DNSAPI.dll

dbghelp: loaded successfully - version: 4.0.5 - missing functions: none
symbol engine: initialized successfully - sym options: 0x614 - pdb path: .;C:\Program Files\Java\jdk-17.0.10_windows-x64_bin\jdk-17.0.10\bin;C:\WINDOWS\SYSTEM32;C:\WINDOWS\WinSxS\amd64_microsoft.windows.common-controls_6595b64144ccf1df_6.0.22621.3672_none_2713b9d173822955;C:\Program Files\Java\jdk-17.0.10_windows-x64_bin\jdk-17.0.10\bin\server;C:\apache-maven-3.9.4\lib\jansi-native\Windows\x86_64

VM Arguments:
jvm_args: -Dclassworlds.conf=C:\apache-maven-3.9.4\bin\m2.conf -Dmaven.home=C:\apache-maven-3.9.4 -Dlibrary.jansi.path=C:\apache-maven-3.9.4\lib\jansi-native -Dmaven.multiModuleProjectDirectory=C:\Users\maria\Projetos\cp2-java 
java_command: org.codehaus.plexus.classworlds.launcher.Launcher clean install
java_class_path (initial): C:\apache-maven-3.9.4\boot\plexus-classworlds-2.7.0.jar
Launcher Type: SUN_STANDARD

[Global flags]
     intx CICompilerCount                          = 4                                         {product} {ergonomic}
     uint ConcGCThreads                            = 3                                         {product} {ergonomic}
     uint G1ConcRefinementThreads                  = 10                                        {product} {ergonomic}
   size_t G1HeapRegionSize                         = 1048576                                   {product} {ergonomic}
    uintx GCDrainStackTargetSize                   = 64                                        {product} {ergonomic}
   size_t InitialHeapSize                          = 98566144                                  {product} {ergonomic}
   size_t MarkStackSize                            = 4194304                                   {product} {ergonomic}
   size_t MaxHeapSize                              = 1570766848                                {product} {ergonomic}
   size_t MaxNewSize                               = 941621248                                 {product} {ergonomic}
   size_t MinHeapDeltaBytes                        = 1048576                                   {product} {ergonomic}
   size_t MinHeapSize                              = 8388608                                   {product} {ergonomic}
    uintx NonNMethodCodeHeapSize                   = 5839372                                {pd product} {ergonomic}
    uintx NonProfiledCodeHeapSize                  = 122909434                              {pd product} {ergonomic}
    uintx ProfiledCodeHeapSize                     = 122909434                              {pd product} {ergonomic}
    uintx ReservedCodeCacheSize                    = 251658240                              {pd product} {ergonomic}
     bool SegmentedCodeCache                       = true                                      {product} {ergonomic}
   size_t SoftMaxHeapSize                          = 1570766848                             {manageable} {ergonomic}
     bool UseCompressedClassPointers               = true                           {product lp64_product} {ergonomic}
     bool UseCompressedOops                        = true                           {product lp64_product} {ergonomic}
     bool UseG1GC                                  = true                                      {product} {ergonomic}
     bool UseLargePagesIndividualAllocation        = false                                  {pd product} {ergonomic}

Logging:
Log output configuration:
 #0: stdout all=warning uptime,level,tags
 #1: stderr all=off uptime,level,tags

Environment Variables:
JAVA_HOME=C:\Program Files\Java\jdk-17.0.10_windows-x64_bin\jdk-17.0.10
PATH=C:\Program Files\Microsoft SDKs\Azure\CLI2\wbin;C:\Users\maria\Downloads\WINDOWS.X64_213000_db_home\bin;C:\Program Files\Common Files\Oracle\Java\javapath;C:\MinGW\bin;C:\WINDOWS\system32;C:\WINDOWS;C:\WINDOWS\System32\Wbem;C:\WINDOWS\System32\WindowsPowerShell\v1.0\;C:\WINDOWS\System32\OpenSSH\;C:\Program Files\dotnet\;C:\Users\maria\AppData\Local\Programs\Python\Python311\Scripts;C:\Program Files\nodejs\;C:\Program Files (x86)\Microsoft SQL Server\160\Tools\Binn\;C:\Program Files\Microsoft SQL Server\160\Tools\Binn\;C:\Program Files\Microsoft SQL Server\Client SDK\ODBC\170\Tools\Binn\;C:\Program Files\Microsoft SQL Server\160\DTS\Binn\;C:\Program Files\Git\cmd;C:\MinGW\bin;C:\Program Files\Microsoft SQL Server\150\Tools\Binn\;C:\Program Files\Docker\Docker\resources\bin;C:\Users\maria\AppData\Local\Microsoft\WindowsApps;C:\Users\maria\AppData\Local\Programs\Microsoft VS Code\bin;C:\Program Files\JetBrains\PyCharm Community Edition 2023.1\bin;;C:\Users\maria\AppData\Roaming\npm;C:\Program Files\Azure Data Studio\bin;C:\apache-maven-3.9.4\bin;C:\Users\maria\.dotnet\tools
USERNAME=maria
OS=Windows_NT
PROCESSOR_IDENTIFIER=AMD64 Family 23 Model 104 Stepping 1, AuthenticAMD



---------------  S Y S T E M  ---------------

OS:
 Windows 11 , 64 bit Build 22621 (10.0.22621.3672)
OS uptime: 11 days 17:02 hours
Hyper-V role detected

CPU: total 12 (initial active 12) (12 cores per cpu, 2 threads per core) family 23 model 104 stepping 1 microcode 0x0, cx8, cmov, fxsr, ht, mmx, 3dnowpref, sse, sse2, sse3, ssse3, sse4a, sse4.1, sse4.2, popcnt, lzcnt, tsc, tscinvbit, avx, avx2, aes, clmul, bmi1, bmi2, adx, sha, fma, vzeroupper, clflush, clflushopt, hv

Memory: 4k page, system-wide physical 5989M (621M free)
TotalPageFile size 24421M (AvailPageFile size 56M)
current process WorkingSet (physical memory assigned to process): 105M, peak: 218M
current process commit charge ("private bytes"): 283M, peak: 284M

vm_info: Java HotSpot(TM) 64-Bit Server VM (17.0.10+11-LTS-240) for windows-amd64 JRE (17.0.10+11-LTS-240), built on Dec 19 2023 21:47:25 by "mach5one" with MS VC++ 17.1 (VS2022)

END.
